# JRE version: OpenJDK Runtime Environment (17.0.11) (build 17.0.11+0--11852314)
# Java VM: OpenJDK 64-Bit Server VM (17.0.11+0--11852314, mixed mode, tiered, compressed oops, compressed class ptrs, g1 gc, windows-amd64)
GC Precious Log:
 CPUs: 8 total, 8 available
 Memory: 7865M
 Large Page Support: Disabled
 NUMA Support: Disabled
 Compressed Oops: Enabled (Zero based)
 Heap Region Size: 2M
 Heap Min Capacity: 8M
 Heap Initial Capacity: 124M
 Heap Max Capacity: 4G
 Pre-touch: Disabled
 Parallel Workers: 8
 Concurrent Workers: 2
 Concurrent Refinement Workers: 8
 Periodic GC: Disabled
Heap:
 garbage-first heap   total 75776K, used 29149K [0x0000000700000000, 0x0000000800000000)
  region size 2048K, 7 young (14336K), 2 survivors (4096K)
 Metaspace       used 28525K, committed 28736K, reserved 1114112K
  class space    used 3745K, committed 3840K, reserved 1048576K
GC Heap History (8 events):
Event: 1.689 GC heap before
{Heap before GC invocations=0 (full 0):
 garbage-first heap   total 126976K, used 24576K [0x0000000700000000, 0x0000000800000000)
  region size 2048K, 11 young (22528K), 0 survivors (0K)
 Metaspace       used 10305K, committed 10432K, reserved 1114112K
  class space    used 1060K, committed 1088K, reserved 1048576K
}
Event: 1.697 GC heap after
{Heap after GC invocations=1 (full 0):
 garbage-first heap   total 126976K, used 10240K [0x0000000700000000, 0x0000000800000000)
  region size 2048K, 2 young (4096K), 2 survivors (4096K)
 Metaspace       used 10305K, committed 10432K, reserved 1114112K
  class space    used 1060K, committed 1088K, reserved 1048576K
}
Event: 3.420 GC heap before
{Heap before GC invocations=1 (full 0):
 garbage-first heap   total 126976K, used 32768K [0x0000000700000000, 0x0000000800000000)
  region size 2048K, 14 young (28672K), 2 survivors (4096K)
 Metaspace       used 11455K, committed 11648K, reserved 1114112K
  class space    used 1195K, committed 1280K, reserved 1048576K
}
Event: 3.428 GC heap after
{Heap after GC invocations=2 (full 0):
 garbage-first heap   total 126976K, used 11296K [0x0000000700000000, 0x0000000800000000)
  region size 2048K, 1 young (2048K), 1 survivors (2048K)
 Metaspace       used 11455K, committed 11648K, reserved 1114112K
  class space    used 1195K, committed 1280K, reserved 1048576K
}
Event: 8.158 GC heap before
{Heap before GC invocations=2 (full 0):
 garbage-first heap   total 126976K, used 60448K [0x0000000700000000, 0x0000000800000000)
  region size 2048K, 26 young (53248K), 1 survivors (2048K)
 Metaspace       used 21338K, committed 21504K, reserved 1114112K
  class space    used 2536K, committed 2624K, reserved 1048576K
}
Event: 8.166 GC heap after
{Heap after GC invocations=3 (full 0):
 garbage-first heap   total 126976K, used 18576K [0x0000000700000000, 0x0000000800000000)
  region size 2048K, 5 young (10240K), 5 survivors (10240K)
 Metaspace       used 21338K, committed 21504K, reserved 1114112K
  class space    used 2536K, committed 2624K, reserved 1048576K
}
Event: 13.338 GC heap before
{Heap before GC invocations=4 (full 0):
 garbage-first heap   total 75776K, used 55440K [0x0000000700000000, 0x0000000800000000)
  region size 2048K, 25 young (51200K), 5 survivors (10240K)
 Metaspace       used 27137K, committed 27392K, reserved 1114112K
  class space    used 3519K, committed 3648K, reserved 1048576K
}
Event: 13.346 GC heap after
{Heap after GC invocations=5 (full 0):
 garbage-first heap   total 75776K, used 20957K [0x0000000700000000, 0x0000000800000000)
  region size 2048K, 2 young (4096K), 2 survivors (4096K)
 Metaspace       used 27137K, committed 27392K, reserved 1114112K
  class space    used 3519K, committed 3648K, reserved 1048576K
}

